2023-12-05 03:08:46.5491 INFO Приложение запущено: /05.12.2023 3:08:46/
2023-12-05 03:08:46.5781 INFO Server start listen:  /05.12.2023 3:08:46/
2023-12-05 03:09:27.5707 INFO Client connected:  Client ID#1 IP(127.0.0.1:53746) + /05.12.2023 3:09:27/
2023-12-05 03:09:30.5487 INFO Client connected:  Client ID#2 IP(127.0.0.1:53750) + /05.12.2023 3:09:30/
2023-12-05 03:09:35.3571 INFO Client connected:  Client ID#3 IP(127.0.0.1:53751) + /05.12.2023 3:09:35/
2023-12-05 03:09:37.6584 INFO Client connected:  Client ID#4 IP(127.0.0.1:53752) + /05.12.2023 3:09:37/
2023-12-05 03:09:55.4326 INFO Сообщение info  (получено от  Client ID#1)  /05.12.2023 3:09:55/
2023-12-05 03:09:57.8368 INFO Сообщение info  (получено от  Client ID#2)  /05.12.2023 3:09:57/
2023-12-05 03:10:01.6925 INFO Сообщение info  (получено от  Client ID#3)  /05.12.2023 3:10:01/
2023-12-05 03:10:03.8598 INFO Сообщение info  (получено от  Client ID#4)  /05.12.2023 3:10:03/
2023-12-05 03:10:15.2121 INFO Сообщение getquote  (получено от  Client ID#1)  /05.12.2023 3:10:15/
2023-12-05 03:10:15.2121 INFO Цитата: 1. Красота нужна нам, чтобы нас любили мужчины, а глупость - чтобы мы любили мужчин. Коко Шанель  /05.12.2023 3:10:15/ 
2023-12-05 03:10:19.4597 INFO Сообщение getquote  (получено от  Client ID#2)  /05.12.2023 3:10:19/
2023-12-05 03:10:19.4597 INFO Цитата: 5. В одном часу любви - целая жизнь. Оноре де Бальзак  /05.12.2023 3:10:19/ 
2023-12-05 03:10:30.1562 INFO Сообщение getquote  (получено от  Client ID#3)  /05.12.2023 3:10:30/
2023-12-05 03:10:30.1562 INFO Цитата: 4. Сколько лет люблю, а влюбляюсь в тебя каждый день. Лина Костенко  /05.12.2023 3:10:30/ 
2023-12-05 03:10:36.9960 INFO Сообщение getquote  (получено от  Client ID#4)  /05.12.2023 3:10:36/
2023-12-05 03:10:36.9960 INFO Цитата: 2. Где любовь, там есть жизнь. М. Ганди  /05.12.2023 3:10:36/ 
2023-12-05 03:10:38.5165 INFO Сообщение getquote  (получено от  Client ID#4)  /05.12.2023 3:10:38/
2023-12-05 03:10:38.5165 INFO Цитата: 4. Сколько лет люблю, а влюбляюсь в тебя каждый день. Лина Костенко  /05.12.2023 3:10:38/ 
2023-12-05 03:10:39.3422 INFO Сообщение getquote  (получено от  Client ID#3)  /05.12.2023 3:10:39/
2023-12-05 03:10:39.3422 INFO Цитата: 5. В одном часу любви - целая жизнь. Оноре де Бальзак  /05.12.2023 3:10:39/ 
2023-12-05 03:10:41.2666 INFO Сообщение getquote  (получено от  Client ID#2)  /05.12.2023 3:10:41/
2023-12-05 03:10:41.2666 INFO Цитата: 1. Красота нужна нам, чтобы нас любили мужчины, а глупость - чтобы мы любили мужчин. Коко Шанель  /05.12.2023 3:10:41/ 
2023-12-05 03:10:42.3023 INFO Сообщение getquote  (получено от  Client ID#1)  /05.12.2023 3:10:42/
2023-12-05 03:10:42.3023 INFO Цитата: 3. В любви каждый становится поэтом. Платон  /05.12.2023 3:10:42/ 
2023-12-05 03:10:42.6042 INFO Сообщение getquote  (получено от  Client ID#1)  /05.12.2023 3:10:42/
2023-12-05 03:10:42.6042 INFO Цитата: 3. В любви каждый становится поэтом. Платон  /05.12.2023 3:10:42/ 
2023-12-05 03:10:43.8558 INFO Сообщение getquote  (получено от  Client ID#2)  /05.12.2023 3:10:43/
2023-12-05 03:10:43.8558 INFO Цитата: 6. Любви всего мало. Она имеет счастье, а хочет рая, имеет рай - хочет неба. О любящие! Все это в вашей любви. Сумейте только найти. Виктор Мари Гюго  /05.12.2023 3:10:43/ 
2023-12-05 03:10:44.8604 INFO Сообщение getquote  (получено от  Client ID#3)  /05.12.2023 3:10:44/
2023-12-05 03:10:44.8604 INFO Цитата: 1. Красота нужна нам, чтобы нас любили мужчины, а глупость - чтобы мы любили мужчин. Коко Шанель  /05.12.2023 3:10:44/ 
2023-12-05 03:10:45.6482 INFO Сообщение getquote  (получено от  Client ID#4)  /05.12.2023 3:10:45/
2023-12-05 03:10:45.6482 INFO Цитата: 4. Сколько лет люблю, а влюбляюсь в тебя каждый день. Лина Костенко  /05.12.2023 3:10:45/ 
2023-12-05 03:10:52.4600 INFO Сообщение bye  (получено от  Client ID#1)  /05.12.2023 3:10:52/
2023-12-05 03:10:52.4600 INFO Соединение с клиентом Client ID#1 завершается: /05.12.2023 3:10:52/
2023-12-05 03:10:52.4600 INFO Соединение с клиентом завершено: /05.12.2023 3:10:52/
2023-12-05 03:10:54.1184 INFO Client connected:  Client ID#5 IP(127.0.0.1:53767) + /05.12.2023 3:10:54/
2023-12-05 03:10:58.8799 INFO Сообщение bye  (получено от  Client ID#5)  /05.12.2023 3:10:58/
2023-12-05 03:10:58.8799 INFO Соединение с клиентом Client ID#5 завершается: /05.12.2023 3:10:58/
2023-12-05 03:10:58.8799 INFO Соединение с клиентом завершено: /05.12.2023 3:10:58/
2023-12-05 03:11:02.3557 INFO Сообщение bye  (получено от  Client ID#2)  /05.12.2023 3:11:02/
2023-12-05 03:11:02.3557 INFO Соединение с клиентом Client ID#2 завершается: /05.12.2023 3:11:02/
2023-12-05 03:11:02.3577 INFO Соединение с клиентом завершено: /05.12.2023 3:11:02/
2023-12-05 03:11:05.3637 INFO Сообщение bye  (получено от  Client ID#3)  /05.12.2023 3:11:05/
2023-12-05 03:11:05.3637 INFO Соединение с клиентом Client ID#3 завершается: /05.12.2023 3:11:05/
2023-12-05 03:11:05.3637 INFO Соединение с клиентом завершено: /05.12.2023 3:11:05/
2023-12-05 03:11:09.5874 INFO Сообщение bye  (получено от  Client ID#4)  /05.12.2023 3:11:09/
2023-12-05 03:11:09.5874 INFO Соединение с клиентом Client ID#4 завершается: /05.12.2023 3:11:09/
2023-12-05 03:11:09.5874 INFO Соединение с клиентом завершено: /05.12.2023 3:11:09/
2023-12-05 03:11:12.4924 INFO Client connected:  Client ID#6 IP(127.0.0.1:53768) + /05.12.2023 3:11:12/
2023-12-05 03:11:14.2089 INFO Сообщение bye  (получено от  Client ID#6)  /05.12.2023 3:11:14/
2023-12-05 03:11:14.2089 INFO Соединение с клиентом Client ID#6 завершается: /05.12.2023 3:11:14/
2023-12-05 03:11:14.2089 INFO Соединение с клиентом завершено: /05.12.2023 3:11:14/
