2023-12-08 10:10:52.0547 INFO Приложение запущено: /08.12.2023 10:10:52/
2023-12-08 10:10:52.0857 INFO Server start listen:  /08.12.2023 10:10:52/
2023-12-08 10:11:01.8765 INFO Client connected:  Client ID#1 IP(127.0.0.1:52601) + /08.12.2023 10:11:01/
2023-12-08 10:11:01.8765 INFO Сообщение login  (получено от  Client ID#1)  /08.12.2023 10:11:01/
2023-12-08 10:11:01.8765 INFO Сообщение login  (получено от  Client ID#1)  + Идентификация клиента: login : ilya : trufakin /08.12.2023 10:11:01/
2023-12-08 10:11:09.6740 INFO Client connected:  Client ID#2 IP(127.0.0.1:52602) + /08.12.2023 10:11:09/
2023-12-08 10:11:09.6740 INFO Сообщение login  (получено от  Client ID#2)  /08.12.2023 10:11:09/
2023-12-08 10:11:09.6740 INFO Сообщение login  (получено от  Client ID#2)  + Идентификация клиента: login : ilya : trufakin /08.12.2023 10:11:09/
2023-12-08 10:11:14.1505 INFO Client connected:  Client ID#3 IP(127.0.0.1:52603) + /08.12.2023 10:11:14/
2023-12-08 10:11:14.1505 INFO Сообщение login  (получено от  Client ID#3)  /08.12.2023 10:11:14/
2023-12-08 10:11:14.1505 INFO Сообщение login  (получено от  Client ID#3)  + Идентификация клиента: login : ilya : trufakin /08.12.2023 10:11:14/
2023-12-08 10:11:17.8603 INFO Client connected:  Client ID#4 IP(127.0.0.1:52604) + /08.12.2023 10:11:17/
2023-12-08 10:11:17.8603 INFO Сообщение login  (получено от  Client ID#4)  /08.12.2023 10:11:17/
2023-12-08 10:11:17.8603 INFO Сообщение login  (получено от  Client ID#4)  + Идентификация клиента: login : ilya : trufakin /08.12.2023 10:11:17/
2023-12-08 10:11:17.8603 INFO Соединение с клиентом Client ID#4 завершается: /08.12.2023 10:11:17/
2023-12-08 10:11:17.8603 INFO Соединение с клиентом завершено: /08.12.2023 10:11:17/
2023-12-08 10:14:09.8210 INFO Client connected:  Client ID#5 IP(127.0.0.1:52616) + /08.12.2023 10:14:09/
2023-12-08 10:14:09.8210 INFO Сообщение login  (получено от  Client ID#5)  /08.12.2023 10:14:09/
2023-12-08 10:14:09.8210 INFO Сообщение login  (получено от  Client ID#5)  + Идентификация клиента: login : ilya : trufakin /08.12.2023 10:14:09/
2023-12-08 10:14:09.8210 INFO Соединение с клиентом Client ID#5 завершается: /08.12.2023 10:14:09/
2023-12-08 10:14:09.8210 INFO Соединение с клиентом завершено: /08.12.2023 10:14:09/
2023-12-08 10:14:19.2949 INFO Client connected:  Client ID#6 IP(127.0.0.1:52618) + /08.12.2023 10:14:19/
2023-12-08 10:14:19.2949 INFO Сообщение login  (получено от  Client ID#6)  /08.12.2023 10:14:19/
2023-12-08 10:14:19.2949 INFO Сообщение login  (получено от  Client ID#6)  + Идентификация клиента: login : ilya : trufakin /08.12.2023 10:14:19/
2023-12-08 10:14:19.2949 INFO Соединение с клиентом Client ID#6 завершается: /08.12.2023 10:14:19/
2023-12-08 10:14:19.2949 INFO Соединение с клиентом завершено: /08.12.2023 10:14:19/
2023-12-08 10:14:26.2526 INFO Сообщение login  (получено от  Client ID#1)  /08.12.2023 10:14:26/
2023-12-08 10:14:26.2526 INFO Сообщение login  (получено от  Client ID#1)  + Идентификация клиента: login : ilya : trufakin /08.12.2023 10:14:26/
2023-12-08 10:14:29.8144 INFO Сообщение login  (получено от  Client ID#2)  /08.12.2023 10:14:29/
2023-12-08 10:14:29.8144 INFO Сообщение login  (получено от  Client ID#2)  + Идентификация клиента: login : ilya : trufakin /08.12.2023 10:14:29/
2023-12-08 10:14:41.7955 INFO Сообщение bye  (получено от  Client ID#2)  /08.12.2023 10:14:41/
2023-12-08 10:14:41.7955 INFO Соединение с клиентом Client ID#2 завершается: /08.12.2023 10:14:41/
2023-12-08 10:14:41.7955 INFO Соединение с клиентом завершено: /08.12.2023 10:14:41/
2023-12-08 10:14:46.8348 INFO Сообщение bye  (получено от  Client ID#1)  /08.12.2023 10:14:46/
2023-12-08 10:14:46.8348 INFO Соединение с клиентом Client ID#1 завершается: /08.12.2023 10:14:46/
2023-12-08 10:14:46.8348 INFO Соединение с клиентом завершено: /08.12.2023 10:14:46/
2023-12-08 10:14:49.7809 INFO Client connected:  Client ID#7 IP(127.0.0.1:52620) + /08.12.2023 10:14:49/
2023-12-08 10:14:49.7809 INFO Сообщение login  (получено от  Client ID#7)  /08.12.2023 10:14:49/
2023-12-08 10:14:49.7809 INFO Сообщение login  (получено от  Client ID#7)  + Идентификация клиента: login : ilya : trufakin /08.12.2023 10:14:49/
2023-12-08 10:14:55.2201 INFO Client connected:  Client ID#8 IP(127.0.0.1:52621) + /08.12.2023 10:14:55/
2023-12-08 10:14:55.2201 INFO Сообщение login  (получено от  Client ID#8)  /08.12.2023 10:14:55/
2023-12-08 10:14:55.2251 INFO Сообщение login  (получено от  Client ID#8)  + Идентификация клиента: login : ilya : trufakin /08.12.2023 10:14:55/
2023-12-08 10:15:10.3561 INFO Соединение с клиентом завершено: /08.12.2023 10:15:10/
2023-12-08 10:15:11.3728 INFO Соединение с клиентом завершено: /08.12.2023 10:15:11/
2023-12-08 10:15:12.4734 INFO Соединение с клиентом завершено: /08.12.2023 10:15:12/
